<?xml version="1.0" encoding="UTF-8"?>
<!-- Generated by org.testng.reporters.JUnitReportReporter -->
<testsuite hostname="AnkitSwat" failures="0" tests="4" name="api.test.UserTest" time="10.974" errors="0" timestamp="2023-04-26T00:12:27 IST" skipped="0">
  <testcase classname="api.test.UserTest" name="testPostUser" time="3.744"/>
  <system-out/>
  <testcase classname="api.test.UserTest" name="testGetUserByName" time="1.746"/>
  <system-out/>
  <testcase classname="api.test.UserTest" name="testUpdateUserByName" time="3.644"/>
  <system-out/>
  <testcase classname="api.test.UserTest" name="testDeleteUserByName" time="1.840"/>
  <system-out/>
</testsuite> <!-- api.test.UserTest -->
