<?xml version="1.0" encoding="UTF-8"?>
<!-- Generated by org.testng.reporters.JUnitReportReporter -->
<testsuite hostname="AnkitSwat" failures="0" tests="4" name="api.test.UserTest" time="9.924" errors="0" timestamp="2023-04-21T22:34:18 IST" skipped="0">
  <testcase classname="api.test.UserTest" name="testPostUser" time="2.767"/>
  <system-out/>
  <testcase classname="api.test.UserTest" name="testGetUserByName" time="1.621"/>
  <system-out/>
  <testcase classname="api.test.UserTest" name="testUpdateUserByName" time="3.966"/>
  <system-out/>
  <testcase classname="api.test.UserTest" name="testDeleteUserByName" time="1.570"/>
  <system-out/>
</testsuite> <!-- api.test.UserTest -->
