<?xml version="1.0" encoding="UTF-8"?>
<!-- Generated by org.testng.reporters.JUnitReportReporter -->
<testsuite hostname="AnkitSwat" failures="0" tests="4" name="api.test.UserTest2" time="8.124" errors="0" timestamp="2023-04-27T21:32:25 IST" skipped="0">
  <testcase classname="api.test.UserTest2" name="testPostUser" time="2.702"/>
  <system-out/>
  <testcase classname="api.test.UserTest2" name="testGetUserByName" time="1.378"/>
  <system-out/>
  <testcase classname="api.test.UserTest2" name="testUpdateUserByName" time="2.684"/>
  <system-out/>
  <testcase classname="api.test.UserTest2" name="testDeleteUserByName" time="1.360"/>
  <system-out/>
</testsuite> <!-- api.test.UserTest2 -->
